<?xml version="1.0" encoding="UTF-8"?>
<!-- Generated by org.testng.reporters.JUnitXMLReporter -->
<testsuite hostname="DineshReddy" ignored="0" name="RestAssured" tests="11" failures="1" timestamp="15 Jun 2020 19:36:46 GMT" time="15.064" errors="0">
  <testcase name="checkContentLength" time="0.018" classname="TestCases.GetSingleEmployeeData"/>
  <testcase name="checkResponseTime" time="0.004" classname="TestCases.GetSingleEmployeeData"/>
  <testcase name="checkStatusCode" time="0.003" classname="TestCases.GetSingleEmployeeData"/>
  <testcase name="checkResposeBody" time="0.026" classname="TestCases.PostEmployeeData"/>
  <testcase name="checkStatusCode" time="0.002" classname="TestCases.PostEmployeeData"/>
  <testcase name="checkStatusCode" time="0.003" classname="TestCases.DeleteEmployeeData"/>
  <testcase name="checkResposeBody" time="0.006" classname="TestCases.GetSingleEmployeeData">
    <failure type="java.lang.AssertionError" message="expected [true] but found [false]">
      <![CDATA[java.lang.AssertionError: expected [true] but found [false]
at TestCases.GetSingleEmployeeData.checkResposeBody(GetSingleEmployeeData.java:25)
... Removed 31 stack frames]]>
    </failure>
  </testcase> <!-- checkResposeBody -->
  <testcase name="checkResponseBody" time="0.007" classname="TestCases.GetAllEmployees"/>
  <testcase name="checkStatusCode" time="0.003" classname="TestCases.GetAllEmployees"/>
  <testcase name="checkResponseTime" time="0.005" classname="TestCases.GetAllEmployees"/>
  <testcase name="checkContentLength" time="0.006" classname="TestCases.GetAllEmployees"/>
</testsuite> <!-- RestAssured -->
