<?xml version="1.0" encoding="UTF-8"?>
<testng-results skipped="0" failed="0" ignored="0" total="1" passed="1">
  <reporter-output>
  </reporter-output>
  <suite name="Default suite" duration-ms="3051" started-at="2020-05-25T17:49:13 IST" finished-at="2020-05-25T17:49:16 IST">
    <groups>
    </groups>
    <test name="Default test" duration-ms="3051" started-at="2020-05-25T17:49:13 IST" finished-at="2020-05-25T17:49:16 IST">
      <class name="JSONPath.FetchCountryCodeByName">
        <test-method status="PASS" signature="codeByName()[pri:0, instance:JSONPath.FetchCountryCodeByName@47ef968d]" name="codeByName" duration-ms="3015" started-at="2020-05-25T17:49:13 IST" finished-at="2020-05-25T17:49:16 IST">
          <reporter-output>
          </reporter-output>
        </test-method> <!-- codeByName -->
      </class> <!-- JSONPath.FetchCountryCodeByName -->
    </test> <!-- Default test -->
  </suite> <!-- Default suite -->
</testng-results>
