<?xml version="1.0" encoding="UTF-8"?>
<testng-results skipped="0" failed="0" total="4" passed="4">
  <reporter-output>
  </reporter-output>
  <suite name="Default suite" duration-ms="2508" started-at="2020-06-22T15:45:10Z" finished-at="2020-06-22T15:45:12Z">
    <groups>
    </groups>
    <test name="Default test" duration-ms="2508" started-at="2020-06-22T15:45:10Z" finished-at="2020-06-22T15:45:12Z">
      <class name="TestCases.GetAllEmployees">
        <test-method status="PASS" signature="setUp()[pri:0, instance:TestCases.GetAllEmployees@2b98378d]" name="setUp" is-config="true" duration-ms="70" started-at="2020-06-22T21:15:10Z" finished-at="2020-06-22T21:15:10Z">
          <reporter-output>
          </reporter-output>
        </test-method> <!-- setUp -->
        <test-method status="PASS" signature="getAllEmployees()[pri:0, instance:TestCases.GetAllEmployees@2b98378d]" name="getAllEmployees" is-config="true" duration-ms="2292" started-at="2020-06-22T21:15:10Z" finished-at="2020-06-22T21:15:12Z">
          <reporter-output>
          </reporter-output>
        </test-method> <!-- getAllEmployees -->
        <test-method status="PASS" signature="checkResponseBody()[pri:1, instance:TestCases.GetAllEmployees@2b98378d]" name="checkResponseBody" duration-ms="81" started-at="2020-06-22T21:15:12Z" finished-at="2020-06-22T21:15:12Z">
          <reporter-output>
          </reporter-output>
        </test-method> <!-- checkResponseBody -->
        <test-method status="PASS" signature="checkStatusCode()[pri:2, instance:TestCases.GetAllEmployees@2b98378d]" name="checkStatusCode" duration-ms="5" started-at="2020-06-22T21:15:12Z" finished-at="2020-06-22T21:15:12Z">
          <reporter-output>
          </reporter-output>
        </test-method> <!-- checkStatusCode -->
        <test-method status="PASS" signature="checkResponseTime()[pri:3, instance:TestCases.GetAllEmployees@2b98378d]" name="checkResponseTime" duration-ms="6" started-at="2020-06-22T21:15:12Z" finished-at="2020-06-22T21:15:12Z">
          <reporter-output>
          </reporter-output>
        </test-method> <!-- checkResponseTime -->
        <test-method status="PASS" signature="checkContentLength()[pri:4, instance:TestCases.GetAllEmployees@2b98378d]" name="checkContentLength" duration-ms="4" started-at="2020-06-22T21:15:12Z" finished-at="2020-06-22T21:15:12Z">
          <reporter-output>
          </reporter-output>
        </test-method> <!-- checkContentLength -->
        <test-method status="PASS" signature="tearDown()[pri:0, instance:TestCases.GetAllEmployees@2b98378d]" name="tearDown" is-config="true" duration-ms="1" started-at="2020-06-22T21:15:12Z" finished-at="2020-06-22T21:15:12Z">
          <reporter-output>
          </reporter-output>
        </test-method> <!-- tearDown -->
      </class> <!-- TestCases.GetAllEmployees -->
    </test> <!-- Default test -->
  </suite> <!-- Default suite -->
</testng-results>
