<?xml version="1.0" encoding="UTF-8"?>
<!-- Generated by org.testng.reporters.JUnitXMLReporter -->
<testsuite hostname="DineshReddy" ignored="0" name="Default test" tests="4" failures="0" timestamp="15 Jun 2020 19:37:31 GMT" time="8.896" errors="0">
  <testcase name="checkContentLength" time="0.018" classname="TestCases.GetSingleEmployeeData"/>
  <testcase name="checkResponseTime" time="0.004" classname="TestCases.GetSingleEmployeeData"/>
  <testcase name="checkStatusCode" time="0.006" classname="TestCases.GetSingleEmployeeData"/>
  <testcase name="checkResposeBody" time="0.053" classname="TestCases.GetSingleEmployeeData"/>
</testsuite> <!-- Default test -->
